# JRE version: 7.0_25-b17
# Java VM: Java HotSpot(TM) 64-Bit Server VM (23.25-b01 mixed mode windows-amd64 compressed oops)
Heap
 par new generation   total 39232K, used 33092K [0x000000077b800000, 0x000000077e290000, 0x00000007a5190000)
  eden space 34880K,  94% used [0x000000077b800000, 0x000000077d84ec60, 0x000000077da10000)
  from space 4352K,   0% used [0x000000077de50000, 0x000000077de52618, 0x000000077e290000)
  to   space 4352K,   0% used [0x000000077da10000, 0x000000077da10000, 0x000000077de50000)
 concurrent mark-sweep generation total 86976K, used 4434K [0x00000007a5190000, 0x00000007aa680000, 0x00000007fae00000)
 concurrent-mark-sweep perm gen total 27584K, used 16466K [0x00000007fae00000, 0x00000007fc8f0000, 0x0000000800000000)
GC Heap History (10 events):
Event: 6717.941 GC heap before
{Heap before GC invocations=84 (full 15):
 par new generation   total 39232K, used 34888K [0x000000077b800000, 0x000000077e290000, 0x00000007a5190000)
  eden space 34880K, 100% used [0x000000077b800000, 0x000000077da10000, 0x000000077da10000)
  from space 4352K,   0% used [0x000000077da10000, 0x000000077da121d8, 0x000000077de50000)
  to   space 4352K,   0% used [0x000000077de50000, 0x000000077de50000, 0x000000077e290000)
 concurrent mark-sweep generation total 86976K, used 4434K [0x00000007a5190000, 0x00000007aa680000, 0x00000007fae00000)
 concurrent-mark-sweep perm gen total 27584K, used 16463K [0x00000007fae00000, 0x00000007fc8f0000, 0x0000000800000000)
Event: 6717.943 GC heap after
Heap after GC invocations=85 (full 15):
 par new generation   total 39232K, used 24K [0x000000077b800000, 0x000000077e290000, 0x00000007a5190000)
  eden space 34880K,   0% used [0x000000077b800000, 0x000000077b800000, 0x000000077da10000)
  from space 4352K,   0% used [0x000000077de50000, 0x000000077de56228, 0x000000077e290000)
  to   space 4352K,   0% used [0x000000077da10000, 0x000000077da10000, 0x000000077de50000)
 concurrent mark-sweep generation total 86976K, used 4434K [0x00000007a5190000, 0x00000007aa680000, 0x00000007fae00000)
 concurrent-mark-sweep perm gen total 27584K, used 16463K [0x00000007fae00000, 0x00000007fc8f0000, 0x0000000800000000)
}
Event: 6864.463 GC heap before
{Heap before GC invocations=85 (full 15):
 par new generation   total 39232K, used 34904K [0x000000077b800000, 0x000000077e290000, 0x00000007a5190000)
  eden space 34880K, 100% used [0x000000077b800000, 0x000000077da10000, 0x000000077da10000)
  from space 4352K,   0% used [0x000000077de50000, 0x000000077de56228, 0x000000077e290000)
  to   space 4352K,   0% used [0x000000077da10000, 0x000000077da10000, 0x000000077de50000)
 concurrent mark-sweep generation total 86976K, used 4434K [0x00000007a5190000, 0x00000007aa680000, 0x00000007fae00000)
 concurrent-mark-sweep perm gen total 27584K, used 16463K [0x00000007fae00000, 0x00000007fc8f0000, 0x0000000800000000)
Event: 6864.465 GC heap after
Heap after GC invocations=86 (full 15):
 par new generation   total 39232K, used 8K [0x000000077b800000, 0x000000077e290000, 0x00000007a5190000)
  eden space 34880K,   0% used [0x000000077b800000, 0x000000077b800000, 0x000000077da10000)
  from space 4352K,   0% used [0x000000077da10000, 0x000000077da121d8, 0x000000077de50000)
  to   space 4352K,   0% used [0x000000077de50000, 0x000000077de50000, 0x000000077e290000)
 concurrent mark-sweep generation total 86976K, used 4434K [0x00000007a5190000, 0x00000007aa680000, 0x00000007fae00000)
 concurrent-mark-sweep perm gen total 27584K, used 16463K [0x00000007fae00000, 0x00000007fc8f0000, 0x0000000800000000)
}
Event: 7009.531 GC heap before
{Heap before GC invocations=86 (full 15):
 par new generation   total 39232K, used 34888K [0x000000077b800000, 0x000000077e290000, 0x00000007a5190000)
  eden space 34880K, 100% used [0x000000077b800000, 0x000000077da10000, 0x000000077da10000)
  from space 4352K,   0% used [0x000000077da10000, 0x000000077da121d8, 0x000000077de50000)
  to   space 4352K,   0% used [0x000000077de50000, 0x000000077de50000, 0x000000077e290000)
 concurrent mark-sweep generation total 86976K, used 4434K [0x00000007a5190000, 0x00000007aa680000, 0x00000007fae00000)
 concurrent-mark-sweep perm gen total 27584K, used 16463K [0x00000007fae00000, 0x00000007fc8f0000, 0x0000000800000000)
Event: 7009.532 GC heap after
Heap after GC invocations=87 (full 15):
 par new generation   total 39232K, used 8K [0x000000077b800000, 0x000000077e290000, 0x00000007a5190000)
  eden space 34880K,   0% used [0x000000077b800000, 0x000000077b800000, 0x000000077da10000)
  from space 4352K,   0% used [0x000000077de50000, 0x000000077de52208, 0x000000077e290000)
  to   space 4352K,   0% used [0x000000077da10000, 0x000000077da10000, 0x000000077de50000)
 concurrent mark-sweep generation total 86976K, used 4434K [0x00000007a5190000, 0x00000007aa680000, 0x00000007fae00000)
 concurrent-mark-sweep perm gen total 27584K, used 16463K [0x00000007fae00000, 0x00000007fc8f0000, 0x0000000800000000)
}
Event: 7152.828 GC heap before
{Heap before GC invocations=87 (full 15):
 par new generation   total 39232K, used 34888K [0x000000077b800000, 0x000000077e290000, 0x00000007a5190000)
  eden space 34880K, 100% used [0x000000077b800000, 0x000000077da10000, 0x000000077da10000)
  from space 4352K,   0% used [0x000000077de50000, 0x000000077de52208, 0x000000077e290000)
  to   space 4352K,   0% used [0x000000077da10000, 0x000000077da10000, 0x000000077de50000)
 concurrent mark-sweep generation total 86976K, used 4434K [0x00000007a5190000, 0x00000007aa680000, 0x00000007fae00000)
 concurrent-mark-sweep perm gen total 27584K, used 16463K [0x00000007fae00000, 0x00000007fc8f0000, 0x0000000800000000)
Event: 7152.829 GC heap after
Heap after GC invocations=88 (full 15):
 par new generation   total 39232K, used 8K [0x000000077b800000, 0x000000077e290000, 0x00000007a5190000)
  eden space 34880K,   0% used [0x000000077b800000, 0x000000077b800000, 0x000000077da10000)
  from space 4352K,   0% used [0x000000077da10000, 0x000000077da121d8, 0x000000077de50000)
  to   space 4352K,   0% used [0x000000077de50000, 0x000000077de50000, 0x000000077e290000)
 concurrent mark-sweep generation total 86976K, used 4434K [0x00000007a5190000, 0x00000007aa680000, 0x00000007fae00000)
 concurrent-mark-sweep perm gen total 27584K, used 16463K [0x00000007fae00000, 0x00000007fc8f0000, 0x0000000800000000)
}
Event: 7297.101 GC heap before
{Heap before GC invocations=88 (full 15):
 par new generation   total 39232K, used 34888K [0x000000077b800000, 0x000000077e290000, 0x00000007a5190000)
  eden space 34880K, 100% used [0x000000077b800000, 0x000000077da10000, 0x000000077da10000)
  from space 4352K,   0% used [0x000000077da10000, 0x000000077da121d8, 0x000000077de50000)
  to   space 4352K,   0% used [0x000000077de50000, 0x000000077de50000, 0x000000077e290000)
 concurrent mark-sweep generation total 86976K, used 4434K [0x00000007a5190000, 0x00000007aa680000, 0x00000007fae00000)
 concurrent-mark-sweep perm gen total 27584K, used 16463K [0x00000007fae00000, 0x00000007fc8f0000, 0x0000000800000000)
Event: 7297.102 GC heap after
Heap after GC invocations=89 (full 15):
 par new generation   total 39232K, used 9K [0x000000077b800000, 0x000000077e290000, 0x00000007a5190000)
  eden space 34880K,   0% used [0x000000077b800000, 0x000000077b800000, 0x000000077da10000)
  from space 4352K,   0% used [0x000000077de50000, 0x000000077de52618, 0x000000077e290000)
  to   space 4352K,   0% used [0x000000077da10000, 0x000000077da10000, 0x000000077de50000)
 concurrent mark-sweep generation total 86976K, used 4434K [0x00000007a5190000, 0x00000007aa680000, 0x00000007fae00000)
 concurrent-mark-sweep perm gen total 27584K, used 16463K [0x00000007fae00000, 0x00000007fc8f0000, 0x0000000800000000)
}

